#
# A fatal error has been detected by the Java Runtime Environment:
#
#  EXCEPTION_ACCESS_VIOLATION (0xc0000005) at pc=0x0000000069aa1d85, pid=9004, tid=0x00000000000008dc
#
# JRE version: Java(TM) SE Runtime Environment (8.0_131-b11) (build 1.8.0_131-b11)
# Java VM: Java HotSpot(TM) 64-Bit Server VM (25.131-b11 mixed mode windows-amd64 compressed oops)
# Problematic frame:
# V  [jvm.dll+0x511d85]
#
# Failed to write core dump. Minidumps are not enabled by default on client versions of Windows
#
# If you would like to submit a bug report, please visit:
#   http://bugreport.java.com/bugreport/crash.jsp
#

---------------  T H R E A D  ---------------

Current thread (0x000000001920a800):  JavaThread "C2 CompilerThread0" daemon [_thread_in_native, id=2268, stack(0x000000001a220000,0x000000001a320000)]

siginfo: ExceptionCode=0xc0000005, reading address 0x00000000879abf40

Registers:
RAX=0x000000001b9e06b8, RBX=0x00000000000000cd, RCX=0x0000000000000008, RDX=0x0000000000000001
RSP=0x000000001a31c280, RBP=0x000000001a31c380, RSI=0x000000001bc29288, RDI=0x000000001a31c760
R8 =0x000000001922a460, R9 =0x0000000000000000, R10=0x00000000000010ca, R11=0x0000000000000001
R12=0x000000001b9ebf28, R13=0x0000000000000007, R14=0x000000001b5904f0, R15=0x000000001b5904b0
RIP=0x0000000069aa1d85, EFLAGS=0x0000000000010206

Top of Stack: (sp=0x000000001a31c280)
0x000000001a31c280:   00000000000000cd 000000001bbebe40
0x000000001a31c290:   000000001a31c380 0000000019240df0
0x000000001a31c2a0:   000000001b5904f0 000000001b5904b0
0x000000001a31c2b0:   00000000000000cd 00000000ffffffff
0x000000001a31c2c0:   0000000019240df0 0000001000000002
0x000000001a31c2d0:   0000000000000000 0000000000000007
0x000000001a31c2e0:   000000001921e520 0000000000000008
0x000000001a31c2f0:   000000001921d100 0000000300000024
0x000000001a31c300:   00000000000007d9 0000000000000018
0x000000001a31c310:   000000001921bce0 0000000000000024
0x000000001a31c320:   0000000000000018 000000001921bce0
0x000000001a31c330:   00000000000ff218 0000000019217700
0x000000001a31c340:   000000001921f6e8 0000000004a611c0
0x000000001a31c350:   0000000000000000 0000000000000000
0x000000001a31c360:   0000000000000000 0000000000000000
0x000000001a31c370:   0000000000000000 0000000000054560 

Instructions: (pc=0x0000000069aa1d85)
0x0000000069aa1d65:   00 00 e8 d4 3d d6 ff e8 4f 49 d8 ff 48 8b 4c 24
0x0000000069aa1d75:   68 8b 55 78 4c 8b 87 28 01 00 00 49 63 44 24 28
0x0000000069aa1d85:   49 63 34 80 85 f6 0f 84 74 01 00 00 48 8b 47 70
0x0000000069aa1d95:   4c 8b 48 20 8b c6 48 6b c0 70 4a 63 5c 08 30 41 


Register to memory mapping:

RAX=0x000000001b9e06b8 is an unknown value
RBX=0x00000000000000cd is an unknown value
RCX=0x0000000000000008 is an unknown value
RDX=0x0000000000000001 is an unknown value
RSP=0x000000001a31c280 is pointing into the stack for thread: 0x000000001920a800
RBP=0x000000001a31c380 is pointing into the stack for thread: 0x000000001920a800
RSI=0x000000001bc29288 is an unknown value
RDI=0x000000001a31c760 is pointing into the stack for thread: 0x000000001920a800
R8 =0x000000001922a460 is an unknown value
R9 =0x0000000000000000 is an unknown value
R10=0x00000000000010ca is an unknown value
R11=0x0000000000000001 is an unknown value
R12=0x000000001b9ebf28 is an unknown value
R13=0x0000000000000007 is an unknown value
R14=0x000000001b5904f0 is an unknown value
R15=0x000000001b5904b0 is an unknown value


Stack: [0x000000001a220000,0x000000001a320000],  sp=0x000000001a31c280,  free space=1008k
Native frames: (J=compiled Java code, j=interpreted, Vv=VM code, C=native code)
V  [jvm.dll+0x511d85]
V  [jvm.dll+0x4694a3]
V  [jvm.dll+0x47465b]
V  [jvm.dll+0x476f67]
V  [jvm.dll+0x4599f2]
V  [jvm.dll+0xa5de2]
V  [jvm.dll+0xa671f]
V  [jvm.dll+0x24537f]
V  [jvm.dll+0x29cc1a]
C  [msvcr100.dll+0x21d9f]
C  [msvcr100.dll+0x21e3b]
C  [KERNEL32.DLL+0x11fe4]
C  [ntdll.dll+0x6efb1]


Current CompileTask:
C2:   9196 1859       4       sun.reflect.annotation.AnnotationInvocationHandler::invoke (277 bytes)


---------------  P R O C E S S  ---------------

Java Threads: ( => current thread )
  0x000000001bdf5800 JavaThread "background-preinit" [_thread_in_vm, id=2492, stack(0x000000001d4c0000,0x000000001d5c0000)]
  0x000000001b86b800 JavaThread "restartedMain" [_thread_in_vm, id=7612, stack(0x000000001c9f0000,0x000000001caf0000)]
  0x000000001b814000 JavaThread "Thread-1" [_thread_blocked, id=620, stack(0x000000001c8f0000,0x000000001c9f0000)]
  0x000000001b537800 JavaThread "RMI TCP Accept-0" daemon [_thread_in_native, id=6776, stack(0x000000001c6f0000,0x000000001c7f0000)]
  0x000000001b535000 JavaThread "RMI TCP Accept-63923" daemon [_thread_in_native, id=11580, stack(0x000000001c5f0000,0x000000001c6f0000)]
  0x000000001b50b000 JavaThread "RMI TCP Accept-0" daemon [_thread_in_native, id=2524, stack(0x000000001c4f0000,0x000000001c5f0000)]
  0x0000000019282000 JavaThread "Service Thread" daemon [_thread_blocked, id=7632, stack(0x000000001a420000,0x000000001a520000)]
  0x0000000019228800 JavaThread "C1 CompilerThread1" daemon [_thread_blocked, id=5580, stack(0x000000001a320000,0x000000001a420000)]
=>0x000000001920a800 JavaThread "C2 CompilerThread0" daemon [_thread_in_native, id=2268, stack(0x000000001a220000,0x000000001a320000)]
  0x0000000019207800 JavaThread "Attach Listener" daemon [_thread_blocked, id=6384, stack(0x000000001a120000,0x000000001a220000)]
  0x0000000019202800 JavaThread "Signal Dispatcher" daemon [_thread_blocked, id=9940, stack(0x000000001a020000,0x000000001a120000)]
  0x00000000191ea000 JavaThread "Finalizer" daemon [_thread_blocked, id=456, stack(0x0000000019e30000,0x0000000019f30000)]
  0x0000000004a67800 JavaThread "Reference Handler" daemon [_thread_blocked, id=10692, stack(0x0000000019d30000,0x0000000019e30000)]
  0x000000000497a800 JavaThread "main" [_thread_blocked, id=1296, stack(0x0000000004870000,0x0000000004970000)]

Other Threads:
  0x00000000191c6000 VMThread [stack: 0x0000000019c30000,0x0000000019d30000] [id=1612]
  0x000000001b538800 WatcherThread [stack: 0x000000001c7f0000,0x000000001c8f0000] [id=11968]

VM state:not at safepoint (normal execution)

VM Mutex/Monitor currently owned by a thread: None

Heap:
 PSYoungGen      total 68608K, used 22591K [0x00000000d6b00000, 0x00000000dfa00000, 0x0000000100000000)
  eden space 63488K, 35% used [0x00000000d6b00000,0x00000000d810fc88,0x00000000da900000)
  from space 5120K, 0% used [0x00000000da900000,0x00000000da900000,0x00000000dae00000)
  to   space 9728K, 0% used [0x00000000df080000,0x00000000df080000,0x00000000dfa00000)
 ParOldGen       total 54784K, used 5356K [0x0000000084000000, 0x0000000087580000, 0x00000000d6b00000)
  object space 54784K, 9% used [0x0000000084000000,0x000000008453b3a8,0x0000000087580000)
 Metaspace       used 23067K, capacity 23616K, committed 23936K, reserved 1071104K
  class space    used 2915K, capacity 3075K, committed 3200K, reserved 1048576K

Card table byte_map: [0x0000000013e30000,0x0000000014220000] byte_map_base: 0x0000000013a10000

Marking Bits: (ParMarkBitMap*) 0x0000000069dac720
 Begin Bits: [0x00000000146c0000, 0x00000000165c0000)
 End Bits:   [0x00000000165c0000, 0x00000000184c0000)

Polling page: 0x0000000002f10000

CodeCache: size=245760Kb used=6641Kb max_used=6641Kb free=239118Kb
 bounds [0x0000000004a70000, 0x00000000050f0000, 0x0000000013a70000]
 total_blobs=2321 nmethods=1925 adapters=309
 compilation: enabled

Compilation events (10 events):
Event: 9.099 Thread 0x0000000019228800 1882       3       java.util.regex.Pattern$Node::match (27 bytes)
Event: 9.099 Thread 0x0000000019228800 nmethod 1882 0x00000000050c4550 code [0x00000000050c46c0, 0x00000000050c4870]
Event: 9.099 Thread 0x0000000019228800 1883       3       java.util.regex.Pattern$Curly::match0 (174 bytes)
Event: 9.100 Thread 0x0000000019228800 nmethod 1883 0x00000000050c4990 code [0x00000000050c4b80, 0x00000000050c55b8]
Event: 9.101 Thread 0x0000000019228800 1884       3       java.io.FilterOutputStream::<init> (10 bytes)
Event: 9.102 Thread 0x0000000019228800 nmethod 1884 0x00000000050c5910 code [0x00000000050c5a80, 0x00000000050c5cb0]
Event: 9.102 Thread 0x0000000019228800 1885       3       java.util.HashMap::getNode (148 bytes)
Event: 9.102 Thread 0x0000000019228800 nmethod 1885 0x00000000050c5d90 code [0x00000000050c5f60, 0x00000000050c6908]
Event: 9.103 Thread 0x0000000019228800 1886       3       java.util.regex.Matcher::find (69 bytes)
Event: 9.103 Thread 0x0000000019228800 nmethod 1886 0x00000000050c6bd0 code [0x00000000050c6d40, 0x00000000050c70e8]

GC Heap History (10 events):
Event: 5.469 GC heap before
{Heap before GC invocations=2 (full 0):
 PSYoungGen      total 36864K, used 36560K [0x00000000d6b00000, 0x00000000d9400000, 0x0000000100000000)
  eden space 31744K, 100% used [0x00000000d6b00000,0x00000000d8a00000,0x00000000d8a00000)
  from space 5120K, 94% used [0x00000000d8a00000,0x00000000d8eb40f8,0x00000000d8f00000)
  to   space 5120K, 0% used [0x00000000d8f00000,0x00000000d8f00000,0x00000000d9400000)
 ParOldGen       total 84992K, used 8K [0x0000000084000000, 0x0000000089300000, 0x00000000d6b00000)
  object space 84992K, 0% used [0x0000000084000000,0x0000000084002000,0x0000000089300000)
 Metaspace       used 11270K, capacity 11550K, committed 11776K, reserved 1058816K
  class space    used 1382K, capacity 1484K, committed 1536K, reserved 1048576K
Event: 5.489 GC heap after
Heap after GC invocations=2 (full 0):
 PSYoungGen      total 36864K, used 5099K [0x00000000d6b00000, 0x00000000d9400000, 0x0000000100000000)
  eden space 31744K, 0% used [0x00000000d6b00000,0x00000000d6b00000,0x00000000d8a00000)
  from space 5120K, 99% used [0x00000000d8f00000,0x00000000d93fad98,0x00000000d9400000)
  to   space 5120K, 0% used [0x00000000d8a00000,0x00000000d8a00000,0x00000000d8f00000)
 ParOldGen       total 84992K, used 1778K [0x0000000084000000, 0x0000000089300000, 0x00000000d6b00000)
  object space 84992K, 2% used [0x0000000084000000,0x00000000841bcbb8,0x0000000089300000)
 Metaspace       used 11270K, capacity 11550K, committed 11776K, reserved 1058816K
  class space    used 1382K, capacity 1484K, committed 1536K, reserved 1048576K
}
Event: 6.587 GC heap before
{Heap before GC invocations=3 (full 0):
 PSYoungGen      total 36864K, used 36843K [0x00000000d6b00000, 0x00000000d9400000, 0x0000000100000000)
  eden space 31744K, 100% used [0x00000000d6b00000,0x00000000d8a00000,0x00000000d8a00000)
  from space 5120K, 99% used [0x00000000d8f00000,0x00000000d93fad98,0x00000000d9400000)
  to   space 5120K, 0% used [0x00000000d8a00000,0x00000000d8a00000,0x00000000d8f00000)
 ParOldGen       total 84992K, used 1778K [0x0000000084000000, 0x0000000089300000, 0x00000000d6b00000)
  object space 84992K, 2% used [0x0000000084000000,0x00000000841bcbb8,0x0000000089300000)
 Metaspace       used 15110K, capacity 15534K, committed 15616K, reserved 1062912K
  class space    used 1903K, capacity 2036K, committed 2048K, reserved 1048576K
Event: 6.604 GC heap after
Heap after GC invocations=3 (full 0):
 PSYoungGen      total 36864K, used 5119K [0x00000000d6b00000, 0x00000000db300000, 0x0000000100000000)
  eden space 31744K, 0% used [0x00000000d6b00000,0x00000000d6b00000,0x00000000d8a00000)
  from space 5120K, 99% used [0x00000000d8a00000,0x00000000d8effd40,0x00000000d8f00000)
  to   space 5120K, 0% used [0x00000000dae00000,0x00000000dae00000,0x00000000db300000)
 ParOldGen       total 84992K, used 3960K [0x0000000084000000, 0x0000000089300000, 0x00000000d6b00000)
  object space 84992K, 4% used [0x0000000084000000,0x00000000843de340,0x0000000089300000)
 Metaspace       used 15110K, capacity 15534K, committed 15616K, reserved 1062912K
  class space    used 1903K, capacity 2036K, committed 2048K, reserved 1048576K
}
Event: 7.538 GC heap before
{Heap before GC invocations=4 (full 0):
 PSYoungGen      total 36864K, used 36863K [0x00000000d6b00000, 0x00000000db300000, 0x0000000100000000)
  eden space 31744K, 100% used [0x00000000d6b00000,0x00000000d8a00000,0x00000000d8a00000)
  from space 5120K, 99% used [0x00000000d8a00000,0x00000000d8effd40,0x00000000d8f00000)
  to   space 5120K, 0% used [0x00000000dae00000,0x00000000dae00000,0x00000000db300000)
 ParOldGen       total 84992K, used 3960K [0x0000000084000000, 0x0000000089300000, 0x00000000d6b00000)
  object space 84992K, 4% used [0x0000000084000000,0x00000000843de340,0x0000000089300000)
 Metaspace       used 18625K, capacity 19030K, committed 19456K, reserved 1067008K
  class space    used 2359K, capacity 2456K, committed 2560K, reserved 1048576K
Event: 7.558 GC heap after
Heap after GC invocations=4 (full 0):
 PSYoungGen      total 68608K, used 5097K [0x00000000d6b00000, 0x00000000db300000, 0x0000000100000000)
  eden space 63488K, 0% used [0x00000000d6b00000,0x00000000d6b00000,0x00000000da900000)
  from space 5120K, 99% used [0x00000000dae00000,0x00000000db2fa4b0,0x00000000db300000)
  to   space 5120K, 0% used [0x00000000da900000,0x00000000da900000,0x00000000dae00000)
 ParOldGen       total 84992K, used 7655K [0x0000000084000000, 0x0000000089300000, 0x00000000d6b00000)
  object space 84992K, 9% used [0x0000000084000000,0x0000000084779cf0,0x0000000089300000)
 Metaspace       used 18625K, capacity 19030K, committed 19456K, reserved 1067008K
  class space    used 2359K, capacity 2456K, committed 2560K, reserved 1048576K
}
Event: 8.134 GC heap before
{Heap before GC invocations=5 (full 0):
 PSYoungGen      total 68608K, used 22779K [0x00000000d6b00000, 0x00000000db300000, 0x0000000100000000)
  eden space 63488K, 27% used [0x00000000d6b00000,0x00000000d7c447c0,0x00000000da900000)
  from space 5120K, 99% used [0x00000000dae00000,0x00000000db2fa4b0,0x00000000db300000)
  to   space 5120K, 0% used [0x00000000da900000,0x00000000da900000,0x00000000dae00000)
 ParOldGen       total 84992K, used 7655K [0x0000000084000000, 0x0000000089300000, 0x00000000d6b00000)
  object space 84992K, 9% used [0x0000000084000000,0x0000000084779cf0,0x0000000089300000)
 Metaspace       used 20735K, capacity 21140K, committed 21248K, reserved 1067008K
  class space    used 2655K, capacity 2787K, committed 2816K, reserved 1048576K
Event: 8.152 GC heap after
Heap after GC invocations=5 (full 0):
 PSYoungGen      total 68608K, used 5097K [0x00000000d6b00000, 0x00000000dfa00000, 0x0000000100000000)
  eden space 63488K, 0% used [0x00000000d6b00000,0x00000000d6b00000,0x00000000da900000)
  from space 5120K, 99% used [0x00000000da900000,0x00000000dadfa4d0,0x00000000dae00000)
  to   space 9728K, 0% used [0x00000000df080000,0x00000000df080000,0x00000000dfa00000)
 ParOldGen       total 84992K, used 9090K [0x0000000084000000, 0x0000000089300000, 0x00000000d6b00000)
  object space 84992K, 10% used [0x0000000084000000,0x00000000848e0a28,0x0000000089300000)
 Metaspace       used 20735K, capacity 21140K, committed 21248K, reserved 1067008K
  class space    used 2655K, capacity 2787K, committed 2816K, reserved 1048576K
}
Event: 8.152 GC heap before
{Heap before GC invocations=6 (full 1):
 PSYoungGen      total 68608K, used 5097K [0x00000000d6b00000, 0x00000000dfa00000, 0x0000000100000000)
  eden space 63488K, 0% used [0x00000000d6b00000,0x00000000d6b00000,0x00000000da900000)
  from space 5120K, 99% used [0x00000000da900000,0x00000000dadfa4d0,0x00000000dae00000)
  to   space 9728K, 0% used [0x00000000df080000,0x00000000df080000,0x00000000dfa00000)
 ParOldGen       total 84992K, used 9090K [0x0000000084000000, 0x0000000089300000, 0x00000000d6b00000)
  object space 84992K, 10% used [0x0000000084000000,0x00000000848e0a28,0x0000000089300000)
 Metaspace       used 20735K, capacity 21140K, committed 21248K, reserved 1067008K
  class space    used 2655K, capacity 2787K, committed 2816K, reserved 1048576K
Event: 8.252 GC heap after
Heap after GC invocations=6 (full 1):
 PSYoungGen      total 68608K, used 0K [0x00000000d6b00000, 0x00000000dfa00000, 0x0000000100000000)
  eden space 63488K, 0% used [0x00000000d6b00000,0x00000000d6b00000,0x00000000da900000)
  from space 5120K, 0% used [0x00000000da900000,0x00000000da900000,0x00000000dae00000)
  to   space 9728K, 0% used [0x00000000df080000,0x00000000df080000,0x00000000dfa00000)
 ParOldGen       total 54784K, used 5356K [0x0000000084000000, 0x0000000087580000, 0x00000000d6b00000)
  object space 54784K, 9% used [0x0000000084000000,0x000000008453b3a8,0x0000000087580000)
 Metaspace       used 20735K, capacity 21140K, committed 21248K, reserved 1067008K
  class space    used 2655K, capacity 2787K, committed 2816K, reserved 1048576K
}

Deoptimization events (10 events):
Event: 7.682 Thread 0x000000001bdf5800 Uncommon trap: reason=unstable_if action=reinterpret pc=0x0000000004f3edb4 method=jdk.internal.org.objectweb.asm.Type.getArgumentsAndReturnSizes(Ljava/lang/String;)I @ 47
Event: 7.982 Thread 0x000000001b86b800 Uncommon trap: reason=bimorphic action=maybe_recompile pc=0x0000000004dc6168 method=java.util.HashMap.putVal(ILjava/lang/Object;Ljava/lang/Object;ZZ)Ljava/lang/Object; @ 253
Event: 7.997 Thread 0x000000001b86b800 Uncommon trap: reason=bimorphic action=maybe_recompile pc=0x0000000004dc6168 method=java.util.HashMap.putVal(ILjava/lang/Object;Ljava/lang/Object;ZZ)Ljava/lang/Object; @ 253
Event: 7.997 Thread 0x000000001b86b800 Uncommon trap: reason=bimorphic action=maybe_recompile pc=0x0000000004dc6168 method=java.util.HashMap.putVal(ILjava/lang/Object;Ljava/lang/Object;ZZ)Ljava/lang/Object; @ 253
Event: 8.107 Thread 0x000000001b86b800 Uncommon trap: reason=unstable_if action=reinterpret pc=0x0000000004df6a44 method=java.util.HashMap.hash(Ljava/lang/Object;)I @ 1
Event: 8.527 Thread 0x000000001bdf5800 Uncommon trap: reason=unstable_if action=reinterpret pc=0x000000000502b710 method=com.sun.org.apache.xerces.internal.impl.XMLEntityScanner.scanLiteral(ILcom/sun/org/apache/xerces/internal/xni/XMLString;Z)I @ 570
Event: 8.633 Thread 0x000000001bdf5800 Uncommon trap: reason=unstable_if action=reinterpret pc=0x000000000508be5c method=com.sun.org.apache.xerces.internal.impl.XMLEntityScanner.skipSpaces()Z @ 125
Event: 8.817 Thread 0x000000001bdf5800 Uncommon trap: reason=unstable_if action=reinterpret pc=0x00000000050912f8 method=com.sun.org.apache.xerces.internal.util.SymbolTable.addSymbol([CII)Ljava/lang/String; @ 38
Event: 8.819 Thread 0x000000001bdf5800 Uncommon trap: reason=unstable_if action=reinterpret pc=0x0000000005098244 method=com.sun.org.apache.xerces.internal.impl.XMLEntityScanner.scanLiteral(ILcom/sun/org/apache/xerces/internal/xni/XMLString;Z)I @ 44
Event: 9.101 Thread 0x000000001b86b800 Uncommon trap: reason=unstable_if action=reinterpret pc=0x0000000004d20c34 method=java.util.HashMap.getNode(ILjava/lang/Object;)Ljava/util/HashMap$Node; @ 129

Internal exceptions (10 events):
Event: 7.965 Thread 0x000000001b86b800 Exception <a 'java/lang/NoClassDefFoundError': io/reactivex/Flowable> (0x00000000d77670e8) thrown at [C:\re\workspace\8-2-build-windows-amd64-cygwin\jdk8u131\8869\hotspot\src\share\vm\classfile\systemDictionary.cpp, line 199]
Event: 8.097 Thread 0x000000001b86b800 Exception <a 'java/lang/NoSuchMethodError': org.slf4j.impl.StaticMDCBinder.getSingleton()Lorg/slf4j/impl/StaticMDCBinder;> (0x00000000d7acee98) thrown at [C:\re\workspace\8-2-build-windows-amd64-cygwin\jdk8u131\8869\hotspot\src\share\vm\interpreter\linkRe
Event: 8.106 Thread 0x000000001b86b800 Implicit null exception at 0x0000000004df6855 to 0x0000000004df6a35
Event: 8.577 Thread 0x000000001b86b800 Exception <a 'java/lang/ClassNotFoundException': java/lang/ObjectCustomizer> (0x00000000d6d5ee40) thrown at [C:\re\workspace\8-2-build-windows-amd64-cygwin\jdk8u131\8869\hotspot\src\share\vm\classfile\systemDictionary.cpp, line 210]
Event: 8.598 Thread 0x000000001b86b800 Exception <a 'java/lang/ClassNotFoundException': org/springframework/context/annotation/ConfigurationClassPostProcessorCustomizer> (0x00000000d6d9dd08) thrown at [C:\re\workspace\8-2-build-windows-amd64-cygwin\jdk8u131\8869\hotspot\src\share\vm\classfile\
Event: 8.700 Thread 0x000000001b86b800 Exception <a 'java/lang/ClassNotFoundException': org/springframework/beans/factory/support/BeanDefinitionRegistryPostProcessorCustomizer> (0x00000000d70829e0) thrown at [C:\re\workspace\8-2-build-windows-amd64-cygwin\jdk8u131\8869\hotspot\src\share\vm\cla
Event: 8.702 Thread 0x000000001b86b800 Exception <a 'java/lang/ClassNotFoundException': org/springframework/core/PriorityOrderedCustomizer> (0x00000000d70aa998) thrown at [C:\re\workspace\8-2-build-windows-amd64-cygwin\jdk8u131\8869\hotspot\src\share\vm\classfile\systemDictionary.cpp, line 210
Event: 8.703 Thread 0x000000001b86b800 Exception <a 'java/lang/ClassNotFoundException': org/springframework/context/ResourceLoaderAwareCustomizer> (0x00000000d71e5578) thrown at [C:\re\workspace\8-2-build-windows-amd64-cygwin\jdk8u131\8869\hotspot\src\share\vm\classfile\systemDictionary.cpp, l
Event: 8.704 Thread 0x000000001b86b800 Exception <a 'java/lang/ClassNotFoundException': org/springframework/beans/factory/BeanClassLoaderAwareCustomizer> (0x00000000d72161d8) thrown at [C:\re\workspace\8-2-build-windows-amd64-cygwin\jdk8u131\8869\hotspot\src\share\vm\classfile\systemDictionary
Event: 8.705 Thread 0x000000001b86b800 Exception <a 'java/lang/ClassNotFoundException': org/springframework/context/EnvironmentAwareCustomizer> (0x00000000d7241108) thrown at [C:\re\workspace\8-2-build-windows-amd64-cygwin\jdk8u131\8869\hotspot\src\share\vm\classfile\systemDictionary.cpp, line

Events (10 events):
Event: 9.096 loading class org/springframework/cloud/context/environment/EnvironmentChangeEvent done
Event: 9.097 loading class org/springframework/cloud/context/properties/ConfigurationPropertiesBeans
Event: 9.097 loading class org/springframework/cloud/context/properties/ConfigurationPropertiesBeans done
Event: 9.098 loading class org/springframework/cloud/context/properties/ConfigurationPropertiesRebinder
Event: 9.098 loading class org/springframework/cloud/context/properties/ConfigurationPropertiesRebinder done
Event: 9.099 loading class org/springframework/boot/autoconfigure/condition/ConditionalOnMissingBean
Event: 9.099 loading class org/springframework/boot/autoconfigure/condition/ConditionalOnMissingBean done
Event: 9.101 Thread 0x000000001b86b800 Uncommon trap: trap_request=0xffffff65 fr.pc=0x0000000004d20c34
Event: 9.101 Thread 0x000000001b86b800 DEOPT PACKING pc=0x0000000004d20c34 sp=0x000000001caec770
Event: 9.101 Thread 0x000000001b86b800 DEOPT UNPACKING pc=0x0000000004ab582a sp=0x000000001caec6e8 mode 2


Dynamic libraries:
0x00007ff782180000 - 0x00007ff7821b7000 	C:\Program Files\Java\jre1.8.0_131\bin\javaw.exe
0x00007ffe87a30000 - 0x00007ffe87c10000 	C:\WINDOWS\SYSTEM32\ntdll.dll
0x00007ffe877b0000 - 0x00007ffe8785e000 	C:\WINDOWS\System32\KERNEL32.DLL
0x00007ffe84a70000 - 0x00007ffe84cd6000 	C:\WINDOWS\System32\KERNELBASE.dll
0x00007ffe876d0000 - 0x00007ffe87771000 	C:\WINDOWS\System32\ADVAPI32.dll
0x00007ffe874c0000 - 0x00007ffe8755d000 	C:\WINDOWS\System32\msvcrt.dll
0x00007ffe85cb0000 - 0x00007ffe85d0b000 	C:\WINDOWS\System32\sechost.dll
0x00007ffe84f80000 - 0x00007ffe8509f000 	C:\WINDOWS\System32\RPCRT4.dll
0x00007ffe87330000 - 0x00007ffe874bf000 	C:\WINDOWS\System32\USER32.dll
0x00007ffe84ce0000 - 0x00007ffe84d00000 	C:\WINDOWS\System32\win32u.dll
0x00007ffe87780000 - 0x00007ffe877a8000 	C:\WINDOWS\System32\GDI32.dll
0x00007ffe84d60000 - 0x00007ffe84ef3000 	C:\WINDOWS\System32\gdi32full.dll
0x00007ffe849d0000 - 0x00007ffe84a6b000 	C:\WINDOWS\System32\msvcp_win.dll
0x00007ffe840b0000 - 0x00007ffe841a6000 	C:\WINDOWS\System32\ucrtbase.dll
0x00007ffe6b020000 - 0x00007ffe6b289000 	C:\WINDOWS\WinSxS\amd64_microsoft.windows.common-controls_6595b64144ccf1df_6.0.16299.192_none_15c8cdae9364c23b\COMCTL32.dll
0x00007ffe856a0000 - 0x00007ffe859a8000 	C:\WINDOWS\System32\combase.dll
0x00007ffe84900000 - 0x00007ffe84972000 	C:\WINDOWS\System32\bcryptPrimitives.dll
0x00007ffe850b0000 - 0x00007ffe850dd000 	C:\WINDOWS\System32\IMM32.DLL
0x0000000069000000 - 0x00000000690d2000 	C:\Program Files\Java\jre1.8.0_131\bin\msvcr100.dll
0x0000000069590000 - 0x0000000069e2c000 	C:\Program Files\Java\jre1.8.0_131\bin\server\jvm.dll
0x00007ffe872c0000 - 0x00007ffe872c8000 	C:\WINDOWS\System32\PSAPI.DLL
0x00007ffe7adb0000 - 0x00007ffe7adb9000 	C:\WINDOWS\SYSTEM32\WSOCK32.dll
0x00007ffe84f10000 - 0x00007ffe84f7c000 	C:\WINDOWS\System32\WS2_32.dll
0x00007ffe81110000 - 0x00007ffe81133000 	C:\WINDOWS\SYSTEM32\WINMM.dll
0x00007ffe7d160000 - 0x00007ffe7d16a000 	C:\WINDOWS\SYSTEM32\VERSION.dll
0x00007ffe810e0000 - 0x00007ffe8110a000 	C:\WINDOWS\SYSTEM32\WINMMBASE.dll
0x00007ffe84980000 - 0x00007ffe849ca000 	C:\WINDOWS\System32\cfgmgr32.dll
0x000000006b420000 - 0x000000006b42f000 	C:\Program Files\Java\jre1.8.0_131\bin\verify.dll
0x000000006a0b0000 - 0x000000006a0d9000 	C:\Program Files\Java\jre1.8.0_131\bin\java.dll
0x000000006a090000 - 0x000000006a0a6000 	C:\Program Files\Java\jre1.8.0_131\bin\zip.dll
0x00007ffe85d10000 - 0x00007ffe87146000 	C:\WINDOWS\System32\SHELL32.dll
0x00007ffe85be0000 - 0x00007ffe85c86000 	C:\WINDOWS\System32\shcore.dll
0x00007ffe841b0000 - 0x00007ffe848f7000 	C:\WINDOWS\System32\windows.storage.dll
0x00007ffe85530000 - 0x00007ffe85581000 	C:\WINDOWS\System32\shlwapi.dll
0x00007ffe83da0000 - 0x00007ffe83db1000 	C:\WINDOWS\System32\kernel.appcore.dll
0x00007ffe83dc0000 - 0x00007ffe83e0c000 	C:\WINDOWS\System32\powrprof.dll
0x00007ffe83d80000 - 0x00007ffe83d9b000 	C:\WINDOWS\System32\profapi.dll
0x0000000069ff0000 - 0x0000000069ffd000 	C:\Program Files\Java\jre1.8.0_131\bin\management.dll
0x000000006a070000 - 0x000000006a08a000 	C:\Program Files\Java\jre1.8.0_131\bin\net.dll
0x00007ffe83610000 - 0x00007ffe83676000 	C:\WINDOWS\system32\mswsock.dll
0x000000006a050000 - 0x000000006a061000 	C:\Program Files\Java\jre1.8.0_131\bin\nio.dll
0x00007ffe7e5f0000 - 0x00007ffe7e608000 	C:\WINDOWS\system32\NLAapi.dll
0x00007ffe73080000 - 0x00007ffe73096000 	C:\WINDOWS\system32\napinsp.dll
0x00007ffe73060000 - 0x00007ffe7307a000 	C:\WINDOWS\system32\pnrpnsp.dll
0x000000006b3e0000 - 0x000000006b406000 	C:\Program Files\Bonjour\mdnsNSP.dll
0x00007ffe833a0000 - 0x00007ffe833d9000 	C:\WINDOWS\SYSTEM32\Iphlpapi.DLL
0x00007ffe833f0000 - 0x00007ffe834a6000 	C:\WINDOWS\SYSTEM32\DNSAPI.dll
0x00007ffe850a0000 - 0x00007ffe850a8000 	C:\WINDOWS\System32\NSI.dll
0x00007ffe7b6e0000 - 0x00007ffe7b6ee000 	C:\WINDOWS\System32\winrnr.dll
0x00007ffe77db0000 - 0x00007ffe77dba000 	C:\Windows\System32\rasadhlp.dll
0x00007ffe77fe0000 - 0x00007ffe78050000 	C:\WINDOWS\System32\fwpuclnt.dll
0x00007ffe838e0000 - 0x00007ffe83905000 	C:\WINDOWS\SYSTEM32\bcrypt.dll
0x00007ffe837d0000 - 0x00007ffe837e7000 	C:\WINDOWS\SYSTEM32\CRYPTSP.dll
0x00007ffe83220000 - 0x00007ffe83253000 	C:\WINDOWS\system32\rsaenh.dll
0x00007ffe83cb0000 - 0x00007ffe83cd9000 	C:\WINDOWS\SYSTEM32\USERENV.dll
0x00007ffe837f0000 - 0x00007ffe837fb000 	C:\WINDOWS\SYSTEM32\CRYPTBASE.dll
0x00007ffe7b1b0000 - 0x00007ffe7b1c6000 	C:\WINDOWS\SYSTEM32\dhcpcsvc6.DLL
0x00007ffe7c0e0000 - 0x00007ffe7c0fa000 	C:\WINDOWS\SYSTEM32\dhcpcsvc.DLL
0x00007ffe725e0000 - 0x00007ffe727a8000 	C:\WINDOWS\SYSTEM32\dbghelp.dll

VM Arguments:
jvm_args: -Dcom.sun.management.jmxremote -Dcom.sun.management.jmxremote.port=63923 -Dcom.sun.management.jmxremote.authenticate=false -Dcom.sun.management.jmxremote.ssl=false -Dspring.liveBeansView.mbeanDomain -Dspring.application.admin.enabled=true -Dfile.encoding=UTF-8 
java_command: com.udemy.microservices.NetflixZuulApiGatewayServerApplication --spring.output.ansi.enabled=always
java_class_path (initial): C:\sts-udemy\netflix-zuul-api-gateway-server\target\classes;C:\Users\wade\.m2\repository\org\springframework\boot\spring-boot-starter-actuator\2.0.0.M7\spring-boot-starter-actuator-2.0.0.M7.jar;C:\Users\wade\.m2\repository\org\springframework\boot\spring-boot-starter\2.0.0.M7\spring-boot-starter-2.0.0.M7.jar;C:\Users\wade\.m2\repository\org\springframework\boot\spring-boot-starter-logging\2.0.0.M7\spring-boot-starter-logging-2.0.0.M7.jar;C:\Users\wade\.m2\repository\ch\qos\logback\logback-classic\1.2.3\logback-classic-1.2.3.jar;C:\Users\wade\.m2\repository\ch\qos\logback\logback-core\1.2.3\logback-core-1.2.3.jar;C:\Users\wade\.m2\repository\org\apache\logging\log4j\log4j-to-slf4j\2.10.0\log4j-to-slf4j-2.10.0.jar;C:\Users\wade\.m2\repository\org\apache\logging\log4j\log4j-api\2.10.0\log4j-api-2.10.0.jar;C:\Users\wade\.m2\repository\org\slf4j\jul-to-slf4j\1.7.25\jul-to-slf4j-1.7.25.jar;C:\Users\wade\.m2\repository\javax\annotation\javax.annotation-api\1.3.1\javax.annotation-api-1.3.1.jar;C:\Users\wade\.m2\repository\org\yaml\snakeyaml\1.19\snakeyaml-1.19.jar;C:\Users\wade\.m2\repository\org\springframework\boot\spring-boot-actuator-autoconfigure\2.0.0.M7\spring-boot-actuator-autoconfigure-2.0.0.M7.jar;C:\Users\wade\.m2\repository\org\springframework\boot\spring-boot-actuator\2.0.0.M7\spring-boot-actuator-2.0.0.M7.jar;C:\Users\wade\.m2\repository\com\fasterxml\jackson\core\jackson-databind\2.9.2\jackson-databind-2.9.2.jar;C:\Users\wade\.m2\repository\org\springframework\spring-context\5.0.2.RELEASE\spring-context-5.0.2.RELEASE.jar;C:\Users\wade\.m2\repository\org\springframework\spring-beans\5.0.2.RELEASE\spring-beans-5.0.2.RELEASE.jar;C:\Users\wade\.m2\repository\org\springframework\spring-expression\5.0.2.RELEASE\spring-expression-5.0.2.RELEASE.jar;C:\Users\wade\.m2\repository\io\micrometer\micrometer-core\1.0.0-rc.5\micrometer-core-1.0.0-rc.5.jar;C:\Users\wade\.m2\repository\org\hdrhistogram\HdrHistogram\2.1.10\HdrHistogram-2.1.10.jar;C:
Launcher Type: SUN_STANDARD

Environment Variables:
JAVA_HOME=C:\Program Files\Java\jdk1.8.0_121
CLASSPATH=.C:\Program Files\Java\jdk1.8.0_121\bin
PATH=C:/Program Files/Java/jre1.8.0_131/bin/server;C:/Program Files/Java/jre1.8.0_131/bin;C:/Program Files/Java/jre1.8.0_131/lib/amd64;C:\Program Files\Docker\Docker\Resources\bin;C:\ProgramData\Oracle\Java\javapath;C:\WINDOWS\system32;C:\WINDOWS;C:\WINDOWS\System32\Wbem;C:\WINDOWS\System32\WindowsPowerShell\v1.0\;C:\Program Files (x86)\ATI Technologies\ATI.ACE\Core-Static;C:\Program Files (x86)\Common Files\Ulead Systems\MPEG;C:\Program Files (x86)\QuickTime\QTSystem\;C:\Program Files (x86)\Microsoft SQL Server\110\Tools\Binn\;C:\Program Files\Microsoft SQL Server\110\Tools\Binn\;C:\Program Files\Microsoft SQL Server\110\DTS\Binn\;C:\Program Files (x86)\Microsoft SQL Server\110\Tools\Binn\ManagementStudio\;C:\Program Files (x86)\Microsoft SQL Server\110\DTS\Binn\;C:\maven\apache-maven-3.0.5\bin;C:\Program Files\nodejs\;C:\curl-7.55.1-win64-mingw\bin;C:\Program Files\Git\cmd;C:\Users\wade\AppData\Local\Programs\Python\Python36\Scripts\;C:\Users\wade\AppData\Local\Programs\Python\Python36\;C:\Users\wade\AppData\Local\Microsoft\WindowsApps;C:\Users\wade\AppData\Roaming\npm;;C:\sts-bundle\sts-3.8.0.RELEASE;
USERNAME=wade
OS=Windows_NT
PROCESSOR_IDENTIFIER=AMD64 Family 16 Model 6 Stepping 2, AuthenticAMD



---------------  S Y S T E M  ---------------

OS: Windows 10.0 , 64 bit Build 16299 (10.0.16299.15)

CPU:total 2 (initial active 2) (2 cores per cpu, 1 threads per core) family 16 model 6 stepping 2, cmov, cx8, fxsr, mmx, sse, sse2, sse3, popcnt, mmxext, 3dnowpref, lzcnt, sse4a, tsc, tscinvbit, tscinv

Memory: 4k page, physical 8122564k(2466956k free), swap 16249028k(8177224k free)

vm_info: Java HotSpot(TM) 64-Bit Server VM (25.131-b11) for windows-amd64 JRE (1.8.0_131-b11), built on Mar 15 2017 01:23:53 by "java_re" with MS VC++ 10.0 (VS2010)

time: Tue Jan 30 12:57:45 2018
elapsed time: 9 seconds (0d 0h 0m 9s)

