#
# A fatal error has been detected by the Java Runtime Environment:
#
#  EXCEPTION_ACCESS_VIOLATION (0xc0000005) at pc=0x00000000665677cc, pid=9204, tid=0x00000000000025d8
#
# JRE version: Java(TM) SE Runtime Environment (8.0_131-b11) (build 1.8.0_131-b11)
# Java VM: Java HotSpot(TM) 64-Bit Server VM (25.131-b11 mixed mode windows-amd64 compressed oops)
# Problematic frame:
# V  [jvm.dll+0x4577cc]
#
# Failed to write core dump. Minidumps are not enabled by default on client versions of Windows
#
# If you would like to submit a bug report, please visit:
#   http://bugreport.java.com/bugreport/crash.jsp
#

---------------  T H R E A D  ---------------

Current thread (0x0000000019167000):  JavaThread "C2 CompilerThread0" daemon [_thread_in_native, id=9688, stack(0x000000001a180000,0x000000001a280000)]

siginfo: ExceptionCode=0xc0000005, reading address 0x000000001f839088

Registers:
RAX=0x000000001bf13220, RBX=0x0000000000000001, RCX=0x0000000000000015, RDX=0x0000000000000006
RSP=0x000000001a27c7f0, RBP=0x0000000000000000, RSI=0x000000001e008288, RDI=0x0000000000000008
R8 =0xffffffffffffffff, R9 =0x000000001f839060, R10=0x000000001a27cab0, R11=0x000000001bc10b10
R12=0x000000001e008288, R13=0x000000001bf8ea30, R14=0x0000000000000006, R15=0x000000001c3f8318
RIP=0x00000000665677cc, EFLAGS=0x0000000000010202

Top of Stack: (sp=0x000000001a27c7f0)
0x000000001a27c7f0:   0000000000000020 0000000000000008
0x000000001a27c800:   000000001fa397c0 000000000000d588
0x000000001a27c810:   000000001bf7cb30 0000000000000008
0x000000001a27c820:   000000001c3f8318 0000000000000050
0x000000001a27c830:   0000000000000006 0000000000000000
0x000000001a27c840:   000000001b1d2ff0 00000000661fd04b
0x000000001a27c850:   0000000000000000 00000000000000f8
0x000000001a27c860:   000000001a27ee60 0000000000000000
0x000000001a27c870:   000000001a27ee60 000000001c523e70
0x000000001a27c880:   00000000049c0520 000000001a27c918
0x000000001a27c890:   0000000000000008 0000000066567f2a
0x000000001a27c8a0:   000000001a27cab0 000000001a27ca20
0x000000001a27c8b0:   000000001a27c8e8 0000000000000008
0x000000001a27c8c0:   00000000049c0520 000000001bc22f30
0x000000001a27c8d0:   00000000049c0520 00000000666098a9
0x000000001a27c8e0:   00000000000000c0 0000000000000100 

Instructions: (pc=0x00000000665677cc)
0x00000000665677ac:   86 20 01 00 00 4c 8b 7c 24 30 bf 08 00 00 00 0f
0x00000000665677bc:   1f 44 00 00 48 8b 46 08 4c 8b 0c 07 49 8b 42 18
0x00000000665677cc:   41 8b 51 28 48 0f bf 4c 90 02 4c 0f bf 04 90 83
0x00000000665677dc:   f9 ff 74 16 48 8b d1 83 e1 1f b8 01 00 00 00 48 


Register to memory mapping:

RAX=0x000000001bf13220 is an unknown value
RBX=0x0000000000000001 is an unknown value
RCX=0x0000000000000015 is an unknown value
RDX=0x0000000000000006 is an unknown value
RSP=0x000000001a27c7f0 is pointing into the stack for thread: 0x0000000019167000
RBP=0x0000000000000000 is an unknown value
RSI=0x000000001e008288 is an unknown value
RDI=0x0000000000000008 is an unknown value
R8 =0xffffffffffffffff is an unknown value
R9 =0x000000001f839060 is an unknown value
R10=0x000000001a27cab0 is pointing into the stack for thread: 0x0000000019167000
R11=0x000000001bc10b10 is an unknown value
R12=0x000000001e008288 is an unknown value
R13=0x000000001bf8ea30 is an unknown value
R14=0x0000000000000006 is an unknown value
R15=0x000000001c3f8318 is an unknown value


Stack: [0x000000001a180000,0x000000001a280000],  sp=0x000000001a27c7f0,  free space=1009k
Native frames: (J=compiled Java code, j=interpreted, Vv=VM code, C=native code)


Current CompileTask:
C2:  27852 3919       4       org.aspectj.apache.bcel.classfile.Attribute::readAttribute (483 bytes)


---------------  P R O C E S S  ---------------

Java Threads: ( => current thread )
  0x000000001b96d800 JavaThread "restartedMain" [_thread_in_Java, id=7636, stack(0x000000001ceb0000,0x000000001cfb0000)]
  0x000000001bae8000 JavaThread "Thread-1" [_thread_blocked, id=7204, stack(0x000000001cdb0000,0x000000001ceb0000)]
  0x000000001b3f4000 JavaThread "RMI TCP Accept-0" daemon [_thread_in_native, id=13160, stack(0x000000001b610000,0x000000001b710000)]
  0x000000001b376800 JavaThread "RMI TCP Accept-57874" daemon [_thread_in_native, id=5620, stack(0x000000001b510000,0x000000001b610000)]
  0x000000001b36d000 JavaThread "RMI TCP Accept-0" daemon [_thread_in_native, id=1744, stack(0x000000001a880000,0x000000001a980000)]
  0x00000000191f6800 JavaThread "Service Thread" daemon [_thread_blocked, id=4028, stack(0x000000001a780000,0x000000001a880000)]
  0x0000000019169000 JavaThread "C1 CompilerThread1" daemon [_thread_blocked, id=9772, stack(0x000000001a280000,0x000000001a380000)]
=>0x0000000019167000 JavaThread "C2 CompilerThread0" daemon [_thread_in_native, id=9688, stack(0x000000001a180000,0x000000001a280000)]
  0x0000000019163800 JavaThread "Attach Listener" daemon [_thread_blocked, id=11960, stack(0x000000001a080000,0x000000001a180000)]
  0x0000000019160000 JavaThread "Signal Dispatcher" daemon [_thread_blocked, id=7156, stack(0x0000000019f80000,0x000000001a080000)]
  0x00000000049cd800 JavaThread "Finalizer" daemon [_thread_blocked, id=9884, stack(0x0000000019d90000,0x0000000019e90000)]
  0x00000000049c6000 JavaThread "Reference Handler" daemon [_thread_blocked, id=3328, stack(0x0000000019c90000,0x0000000019d90000)]
  0x00000000048d9000 JavaThread "main" [_thread_blocked, id=12808, stack(0x0000000004790000,0x0000000004890000)]

Other Threads:
  0x0000000019126000 VMThread [stack: 0x0000000019b90000,0x0000000019c90000] [id=7656]
  0x000000001b38e000 WatcherThread [stack: 0x000000001c6e0000,0x000000001c7e0000] [id=5556]

VM state:not at safepoint (normal execution)

VM Mutex/Monitor currently owned by a thread: None

Heap:
 PSYoungGen      total 264192K, used 67326K [0x00000000d6b00000, 0x00000000e7980000, 0x0000000100000000)
  eden space 251904K, 26% used [0x00000000d6b00000,0x00000000dacbf9d0,0x00000000e6100000)
  from space 12288K, 0% used [0x00000000e6c80000,0x00000000e6c80000,0x00000000e7880000)
  to   space 11776K, 0% used [0x00000000e6100000,0x00000000e6100000,0x00000000e6c80000)
 ParOldGen       total 81408K, used 17077K [0x0000000084000000, 0x0000000088f80000, 0x00000000d6b00000)
  object space 81408K, 20% used [0x0000000084000000,0x00000000850ad4f8,0x0000000088f80000)
 Metaspace       used 35383K, capacity 36170K, committed 36312K, reserved 1081344K
  class space    used 4569K, capacity 4763K, committed 4864K, reserved 1048576K

Card table byte_map: [0x0000000013d90000,0x0000000014180000] byte_map_base: 0x0000000013970000

Marking Bits: (ParMarkBitMap*) 0x000000006692c720
 Begin Bits: [0x0000000014620000, 0x0000000016520000)
 End Bits:   [0x0000000016520000, 0x0000000018420000)

Polling page: 0x0000000002e40000

CodeCache: size=245760Kb used=14101Kb max_used=14101Kb free=231658Kb
 bounds [0x00000000049d0000, 0x00000000057b0000, 0x00000000139d0000]
 total_blobs=4126 nmethods=3700 adapters=337
 compilation: enabled

Compilation events (10 events):
Event: 27.611 Thread 0x0000000019169000 4026       3       org.aspectj.weaver.ReferenceType::ensureConsistent (86 bytes)
Event: 27.612 Thread 0x0000000019169000 nmethod 4026 0x0000000005771e10 code [0x0000000005772000, 0x0000000005772ba8]
Event: 27.622 Thread 0x0000000019169000 4027       1       org.springframework.core.annotation.AnnotatedElementUtils$MergedAnnotationAttributesProcessor::getAggregatedResults (5 bytes)
Event: 27.622 Thread 0x0000000019169000 nmethod 4027 0x0000000005772f50 code [0x00000000057730a0, 0x00000000057731b0]
Event: 27.628 Thread 0x0000000019169000 4028       3       java.util.concurrent.ConcurrentHashMap::<init> (44 bytes)
Event: 27.629 Thread 0x0000000019169000 nmethod 4028 0x0000000005773210 code [0x00000000057733a0, 0x0000000005773738]
Event: 27.630 Thread 0x0000000019169000 4029   !   3       org.springframework.cglib.core.CodeEmitter::process_switch (301 bytes)
Event: 27.632 Thread 0x0000000019169000 nmethod 4029 0x0000000005773890 code [0x0000000005773c00, 0x0000000005775e28]
Event: 27.686 Thread 0x0000000019169000 4030       3       org.springframework.beans.AbstractNestablePropertyAccessor::getWrappedClass (8 bytes)
Event: 27.687 Thread 0x0000000019169000 nmethod 4030 0x0000000005785450 code [0x00000000057855e0, 0x0000000005785a68]

GC Heap History (10 events):
Event: 13.934 GC heap before
{Heap before GC invocations=8 (full 1):
 PSYoungGen      total 113664K, used 113537K [0x00000000d6b00000, 0x00000000df500000, 0x0000000100000000)
  eden space 108544K, 100% used [0x00000000d6b00000,0x00000000dd500000,0x00000000dd500000)
  from space 5120K, 97% used [0x00000000df000000,0x00000000df4e04f8,0x00000000df500000)
  to   space 9216K, 0% used [0x00000000de300000,0x00000000de300000,0x00000000dec00000)
 ParOldGen       total 51200K, used 5023K [0x0000000084000000, 0x0000000087200000, 0x00000000d6b00000)
  object space 51200K, 9% used [0x0000000084000000,0x00000000844e7ca8,0x0000000087200000)
 Metaspace       used 26472K, capacity 27118K, committed 27392K, reserved 1073152K
  class space    used 3393K, capacity 3565K, committed 3584K, reserved 1048576K
Event: 13.953 GC heap after
Heap after GC invocations=8 (full 1):
 PSYoungGen      total 132096K, used 6693K [0x00000000d6b00000, 0x00000000e2d80000, 0x0000000100000000)
  eden space 122880K, 0% used [0x00000000d6b00000,0x00000000d6b00000,0x00000000de300000)
  from space 9216K, 72% used [0x00000000de300000,0x00000000de989648,0x00000000dec00000)
  to   space 9216K, 0% used [0x00000000e2480000,0x00000000e2480000,0x00000000e2d80000)
 ParOldGen       total 51200K, used 5031K [0x0000000084000000, 0x0000000087200000, 0x00000000d6b00000)
  object space 51200K, 9% used [0x0000000084000000,0x00000000844e9ca8,0x0000000087200000)
 Metaspace       used 26472K, capacity 27118K, committed 27392K, reserved 1073152K
  class space    used 3393K, capacity 3565K, committed 3584K, reserved 1048576K
}
Event: 16.554 GC heap before
{Heap before GC invocations=9 (full 1):
 PSYoungGen      total 132096K, used 129573K [0x00000000d6b00000, 0x00000000e2d80000, 0x0000000100000000)
  eden space 122880K, 100% used [0x00000000d6b00000,0x00000000de300000,0x00000000de300000)
  from space 9216K, 72% used [0x00000000de300000,0x00000000de989648,0x00000000dec00000)
  to   space 9216K, 0% used [0x00000000e2480000,0x00000000e2480000,0x00000000e2d80000)
 ParOldGen       total 51200K, used 5031K [0x0000000084000000, 0x0000000087200000, 0x00000000d6b00000)
  object space 51200K, 9% used [0x0000000084000000,0x00000000844e9ca8,0x0000000087200000)
 Metaspace       used 27224K, capacity 27866K, committed 28032K, reserved 1073152K
  class space    used 3487K, capacity 3635K, committed 3712K, reserved 1048576K
Event: 16.646 GC heap after
Heap after GC invocations=9 (full 1):
 PSYoungGen      total 189952K, used 7470K [0x00000000d6b00000, 0x00000000e4880000, 0x0000000100000000)
  eden space 180736K, 0% used [0x00000000d6b00000,0x00000000d6b00000,0x00000000e1b80000)
  from space 9216K, 81% used [0x00000000e2480000,0x00000000e2bcba28,0x00000000e2d80000)
  to   space 9216K, 0% used [0x00000000e1b80000,0x00000000e1b80000,0x00000000e2480000)
 ParOldGen       total 51200K, used 5031K [0x0000000084000000, 0x0000000087200000, 0x00000000d6b00000)
  object space 51200K, 9% used [0x0000000084000000,0x00000000844e9ca8,0x0000000087200000)
 Metaspace       used 27224K, capacity 27866K, committed 28032K, reserved 1073152K
  class space    used 3487K, capacity 3635K, committed 3712K, reserved 1048576K
}
Event: 24.110 GC heap before
{Heap before GC invocations=10 (full 1):
 PSYoungGen      total 189952K, used 188206K [0x00000000d6b00000, 0x00000000e4880000, 0x0000000100000000)
  eden space 180736K, 100% used [0x00000000d6b00000,0x00000000e1b80000,0x00000000e1b80000)
  from space 9216K, 81% used [0x00000000e2480000,0x00000000e2bcba28,0x00000000e2d80000)
  to   space 9216K, 0% used [0x00000000e1b80000,0x00000000e1b80000,0x00000000e2480000)
 ParOldGen       total 51200K, used 5031K [0x0000000084000000, 0x0000000087200000, 0x00000000d6b00000)
  object space 51200K, 9% used [0x0000000084000000,0x00000000844e9ca8,0x0000000087200000)
 Metaspace       used 32197K, capacity 32950K, committed 33152K, reserved 1077248K
  class space    used 4182K, capacity 4391K, committed 4480K, reserved 1048576K
Event: 24.155 GC heap after
Heap after GC invocations=10 (full 1):
 PSYoungGen      total 189952K, used 9211K [0x00000000d6b00000, 0x00000000e7880000, 0x0000000100000000)
  eden space 180736K, 0% used [0x00000000d6b00000,0x00000000d6b00000,0x00000000e1b80000)
  from space 9216K, 99% used [0x00000000e1b80000,0x00000000e247ee70,0x00000000e2480000)
  to   space 12288K, 0% used [0x00000000e6c80000,0x00000000e6c80000,0x00000000e7880000)
 ParOldGen       total 51200K, used 10247K [0x0000000084000000, 0x0000000087200000, 0x00000000d6b00000)
  object space 51200K, 20% used [0x0000000084000000,0x0000000084a01db0,0x0000000087200000)
 Metaspace       used 32197K, capacity 32950K, committed 33152K, reserved 1077248K
  class space    used 4182K, capacity 4391K, committed 4480K, reserved 1048576K
}
Event: 25.387 GC heap before
{Heap before GC invocations=11 (full 1):
 PSYoungGen      total 189952K, used 44659K [0x00000000d6b00000, 0x00000000e7880000, 0x0000000100000000)
  eden space 180736K, 19% used [0x00000000d6b00000,0x00000000d8d9deb8,0x00000000e1b80000)
  from space 9216K, 99% used [0x00000000e1b80000,0x00000000e247ee70,0x00000000e2480000)
  to   space 12288K, 0% used [0x00000000e6c80000,0x00000000e6c80000,0x00000000e7880000)
 ParOldGen       total 51200K, used 10247K [0x0000000084000000, 0x0000000087200000, 0x00000000d6b00000)
  object space 51200K, 20% used [0x0000000084000000,0x0000000084a01db0,0x0000000087200000)
 Metaspace       used 34562K, capacity 35316K, committed 35416K, reserved 1079296K
  class space    used 4468K, capacity 4656K, committed 4736K, reserved 1048576K
Event: 25.420 GC heap after
Heap after GC invocations=11 (full 1):
 PSYoungGen      total 264192K, used 7322K [0x00000000d6b00000, 0x00000000e7980000, 0x0000000100000000)
  eden space 251904K, 0% used [0x00000000d6b00000,0x00000000d6b00000,0x00000000e6100000)
  from space 12288K, 59% used [0x00000000e6c80000,0x00000000e73a6bf8,0x00000000e7880000)
  to   space 11776K, 0% used [0x00000000e6100000,0x00000000e6100000,0x00000000e6c80000)
 ParOldGen       total 51200K, used 14407K [0x0000000084000000, 0x0000000087200000, 0x00000000d6b00000)
  object space 51200K, 28% used [0x0000000084000000,0x0000000084e11df0,0x0000000087200000)
 Metaspace       used 34562K, capacity 35316K, committed 35416K, reserved 1079296K
  class space    used 4468K, capacity 4656K, committed 4736K, reserved 1048576K
}
Event: 25.420 GC heap before
{Heap before GC invocations=12 (full 2):
 PSYoungGen      total 264192K, used 7322K [0x00000000d6b00000, 0x00000000e7980000, 0x0000000100000000)
  eden space 251904K, 0% used [0x00000000d6b00000,0x00000000d6b00000,0x00000000e6100000)
  from space 12288K, 59% used [0x00000000e6c80000,0x00000000e73a6bf8,0x00000000e7880000)
  to   space 11776K, 0% used [0x00000000e6100000,0x00000000e6100000,0x00000000e6c80000)
 ParOldGen       total 51200K, used 14407K [0x0000000084000000, 0x0000000087200000, 0x00000000d6b00000)
  object space 51200K, 28% used [0x0000000084000000,0x0000000084e11df0,0x0000000087200000)
 Metaspace       used 34562K, capacity 35316K, committed 35416K, reserved 1079296K
  class space    used 4468K, capacity 4656K, committed 4736K, reserved 1048576K
Event: 25.689 GC heap after
Heap after GC invocations=12 (full 2):
 PSYoungGen      total 264192K, used 0K [0x00000000d6b00000, 0x00000000e7980000, 0x0000000100000000)
  eden space 251904K, 0% used [0x00000000d6b00000,0x00000000d6b00000,0x00000000e6100000)
  from space 12288K, 0% used [0x00000000e6c80000,0x00000000e6c80000,0x00000000e7880000)
  to   space 11776K, 0% used [0x00000000e6100000,0x00000000e6100000,0x00000000e6c80000)
 ParOldGen       total 81408K, used 17077K [0x0000000084000000, 0x0000000088f80000, 0x00000000d6b00000)
  object space 81408K, 20% used [0x0000000084000000,0x00000000850ad4f8,0x0000000088f80000)
 Metaspace       used 34562K, capacity 35316K, committed 35416K, reserved 1079296K
  class space    used 4468K, capacity 4656K, committed 4736K, reserved 1048576K
}

Deoptimization events (10 events):
Event: 12.316 Thread 0x000000001b96d800 Uncommon trap: reason=array_check action=maybe_recompile pc=0x0000000004d145ec method=java.util.AbstractCollection.toArray([Ljava/lang/Object;)[Ljava/lang/Object; @ 119
Event: 15.237 Thread 0x000000001b96d800 Uncommon trap: reason=unstable_if action=reinterpret pc=0x00000000051b3528 method=org.springframework.boot.context.properties.source.ConfigurationPropertyName.elementEquals(Ljava/lang/CharSequence;Ljava/lang/CharSequence;)Z @ 162
Event: 16.990 Thread 0x000000001b96d800 Uncommon trap: reason=unstable_if action=reinterpret pc=0x00000000052f9078 method=org.springframework.asm.ClassReader.readCode(Lorg/springframework/asm/MethodVisitor;Lorg/springframework/asm/Context;I)V @ 826
Event: 17.031 Thread 0x000000001b96d800 Uncommon trap: reason=class_check action=maybe_recompile pc=0x0000000004eb37dc method=java.util.concurrent.ConcurrentHashMap.putVal(Ljava/lang/Object;Ljava/lang/Object;Z)Ljava/lang/Object; @ 192
Event: 21.263 Thread 0x000000001b96d800 Uncommon trap: reason=unstable_if action=reinterpret pc=0x0000000004d75c5c method=java.util.LinkedList.node(I)Ljava/util/LinkedList$Node; @ 49
Event: 23.792 Thread 0x000000001b96d800 Uncommon trap: reason=null_check action=make_not_entrant pc=0x000000000559f01c method=org.springframework.util.ClassUtils.isAssignable(Ljava/lang/Class;Ljava/lang/Class;)Z @ 14
Event: 24.077 Thread 0x000000001b96d800 Uncommon trap: reason=unstable_if action=reinterpret pc=0x0000000004b64998 method=org.springframework.core.ResolvableType.resolve()Ljava/lang/Class; @ 4
Event: 25.718 Thread 0x000000001b96d800 Uncommon trap: reason=unstable_if action=reinterpret pc=0x000000000503ef80 method=java.util.concurrent.ConcurrentHashMap.get(Ljava/lang/Object;)Ljava/lang/Object; @ 76
Event: 25.720 Thread 0x000000001b96d800 Uncommon trap: reason=class_check action=maybe_recompile pc=0x0000000004eb37dc method=java.util.concurrent.ConcurrentHashMap.putVal(Ljava/lang/Object;Ljava/lang/Object;Z)Ljava/lang/Object; @ 192
Event: 25.721 Thread 0x000000001b96d800 Uncommon trap: reason=class_check action=maybe_recompile pc=0x0000000004eb37dc method=java.util.concurrent.ConcurrentHashMap.putVal(Ljava/lang/Object;Ljava/lang/Object;Z)Ljava/lang/Object; @ 192

Internal exceptions (10 events):
Event: 26.734 Thread 0x000000001b96d800 Exception <a 'java/lang/ClassNotFoundException': org/springframework/beans/factory/SmartInitializingSingletonCustomizer> (0x00000000d8503fc0) thrown at [C:\re\workspace\8-2-build-windows-amd64-cygwin\jdk8u131\8869\hotspot\src\share\vm\classfile\systemDict
Event: 27.407 Thread 0x000000001b96d800 Exception <a 'java/lang/ClassNotFoundException': java/lang/ObjectCustomizer> (0x00000000d9d915f8) thrown at [C:\re\workspace\8-2-build-windows-amd64-cygwin\jdk8u131\8869\hotspot\src\share\vm\classfile\systemDictionary.cpp, line 210]
Event: 27.428 Thread 0x000000001b96d800 Exception <a 'java/lang/ClassNotFoundException': org/springframework/cloud/stream/config/BindingServiceConfiguration$PostProcessorConfiguration$1Customizer> (0x00000000d9dd2c98) thrown at [C:\re\workspace\8-2-build-windows-amd64-cygwin\jdk8u131\8869\hotsp
Event: 27.431 Thread 0x000000001b96d800 Exception <a 'java/lang/ClassNotFoundException': org/springframework/beans/factory/config/BeanPostProcessorCustomizer> (0x00000000d9e02990) thrown at [C:\re\workspace\8-2-build-windows-amd64-cygwin\jdk8u131\8869\hotspot\src\share\vm\classfile\systemDictio
Event: 27.455 Thread 0x000000001b96d800 Exception <a 'java/lang/ClassNotFoundException': java/lang/ObjectCustomizer> (0x00000000d9f5d2d0) thrown at [C:\re\workspace\8-2-build-windows-amd64-cygwin\jdk8u131\8869\hotspot\src\share\vm\classfile\systemDictionary.cpp, line 210]
Event: 27.456 Thread 0x000000001b96d800 Exception <a 'java/lang/ClassNotFoundException': org/springframework/cloud/stream/config/BindingServiceConfiguration$PostProcessorConfigurationCustomizer> (0x00000000d9f9e7a8) thrown at [C:\re\workspace\8-2-build-windows-amd64-cygwin\jdk8u131\8869\hotspot
Event: 27.457 Thread 0x000000001b96d800 Exception <a 'java/lang/ClassNotFoundException': org/springframework/cloud/stream/config/BindingServiceConfiguration$PostProcessorConfiguration$$EnhancerBySpringCGLIB$$9e290e14Customizer> (0x00000000d9ff01c8) thrown at [C:\re\workspace\8-2-build-windows-a
Event: 27.459 Thread 0x000000001b96d800 Exception <a 'java/lang/ClassNotFoundException': org/springframework/context/annotation/ConfigurationClassEnhancer$EnhancedConfigurationCustomizer> (0x00000000da031bf8) thrown at [C:\re\workspace\8-2-build-windows-amd64-cygwin\jdk8u131\8869\hotspot\src\sh
Event: 27.688 Thread 0x000000001b96d800 Exception <a 'java/lang/ClassNotFoundException': java/lang/ObjectCustomizer> (0x00000000da84bf58) thrown at [C:\re\workspace\8-2-build-windows-amd64-cygwin\jdk8u131\8869\hotspot\src\share\vm\classfile\systemDictionary.cpp, line 210]
Event: 27.690 Thread 0x000000001b96d800 Exception <a 'java/lang/ClassNotFoundException': org/springframework/cloud/stream/binding/BinderAwareRouterBeanPostProcessorCustomizer> (0x00000000da8844f0) thrown at [C:\re\workspace\8-2-build-windows-amd64-cygwin\jdk8u131\8869\hotspot\src\share\vm\class

Events (10 events):
Event: 27.688 loading class java/lang/ObjectCustomizer
Event: 27.688 loading class java/lang/ObjectCustomizer done
Event: 27.688 loading class org/springframework/cloud/stream/binding/BinderAwareRouterBeanPostProcessorCustomizer
Event: 27.688 loading class org/springframework/cloud/stream/binding/BinderAwareRouterBeanPostProcessorCustomizer done
Event: 27.689 loading class org/springframework/cloud/stream/binding/BinderAwareRouterBeanPostProcessorCustomizer
Event: 27.689 loading class org/springframework/cloud/stream/binding/BinderAwareRouterBeanPostProcessorCustomizer done
Event: 27.690 loading class org/springframework/cloud/stream/binding/BinderAwareRouterBeanPostProcessorCustomizer
Event: 27.690 loading class org/springframework/cloud/stream/binding/BinderAwareRouterBeanPostProcessorCustomizer done
Event: 27.690 loading class org/springframework/beans/factory/config/BeanPostProcessorCustomizer
Event: 27.690 loading class org/springframework/beans/factory/config/BeanPostProcessorCustomizer done


Dynamic libraries:
0x00007ff7041b0000 - 0x00007ff7041e7000 	C:\Program Files\Java\jre1.8.0_131\bin\javaw.exe
0x00007ffc130f0000 - 0x00007ffc132d0000 	C:\WINDOWS\SYSTEM32\ntdll.dll
0x00007ffc11360000 - 0x00007ffc1140e000 	C:\WINDOWS\System32\KERNEL32.DLL
0x00007ffc0f8e0000 - 0x00007ffc0fb46000 	C:\WINDOWS\System32\KERNELBASE.dll
0x00007ffc112b0000 - 0x00007ffc11351000 	C:\WINDOWS\System32\ADVAPI32.dll
0x00007ffc10b20000 - 0x00007ffc10bbd000 	C:\WINDOWS\System32\msvcrt.dll
0x00007ffc118b0000 - 0x00007ffc1190b000 	C:\WINDOWS\System32\sechost.dll
0x00007ffc10bc0000 - 0x00007ffc10cdf000 	C:\WINDOWS\System32\RPCRT4.dll
0x00007ffc105c0000 - 0x00007ffc1074f000 	C:\WINDOWS\System32\USER32.dll
0x00007ffc0f690000 - 0x00007ffc0f6b0000 	C:\WINDOWS\System32\win32u.dll
0x00007ffc11430000 - 0x00007ffc11458000 	C:\WINDOWS\System32\GDI32.dll
0x00007ffc0f4f0000 - 0x00007ffc0f683000 	C:\WINDOWS\System32\gdi32full.dll
0x00007ffc0fd80000 - 0x00007ffc0fe1b000 	C:\WINDOWS\System32\msvcp_win.dll
0x00007ffc0f6b0000 - 0x00007ffc0f7a6000 	C:\WINDOWS\System32\ucrtbase.dll
0x00007ffbfe300000 - 0x00007ffbfe569000 	C:\WINDOWS\WinSxS\amd64_microsoft.windows.common-controls_6595b64144ccf1df_6.0.16299.192_none_15c8cdae9364c23b\COMCTL32.dll
0x00007ffc10ce0000 - 0x00007ffc10fe8000 	C:\WINDOWS\System32\combase.dll
0x00007ffc0f860000 - 0x00007ffc0f8d2000 	C:\WINDOWS\System32\bcryptPrimitives.dll
0x00007ffc108c0000 - 0x00007ffc108ed000 	C:\WINDOWS\System32\IMM32.DLL
0x0000000065f40000 - 0x0000000066012000 	C:\Program Files\Java\jre1.8.0_131\bin\msvcr100.dll
0x0000000066110000 - 0x00000000669ac000 	C:\Program Files\Java\jre1.8.0_131\bin\server\jvm.dll
0x00007ffc11b70000 - 0x00007ffc11b78000 	C:\WINDOWS\System32\PSAPI.DLL
0x00007ffc0b750000 - 0x00007ffc0b759000 	C:\WINDOWS\SYSTEM32\WSOCK32.dll
0x00007ffc0d810000 - 0x00007ffc0d833000 	C:\WINDOWS\SYSTEM32\WINMM.dll
0x00007ffc108f0000 - 0x00007ffc1095c000 	C:\WINDOWS\System32\WS2_32.dll
0x00007ffc092f0000 - 0x00007ffc092fa000 	C:\WINDOWS\SYSTEM32\VERSION.dll
0x00007ffc0d7b0000 - 0x00007ffc0d7da000 	C:\WINDOWS\SYSTEM32\WINMMBASE.dll
0x00007ffc0fe20000 - 0x00007ffc0fe6a000 	C:\WINDOWS\System32\cfgmgr32.dll
0x0000000067d80000 - 0x0000000067d8f000 	C:\Program Files\Java\jre1.8.0_131\bin\verify.dll
0x0000000067d50000 - 0x0000000067d79000 	C:\Program Files\Java\jre1.8.0_131\bin\java.dll
0x0000000067d30000 - 0x0000000067d46000 	C:\Program Files\Java\jre1.8.0_131\bin\zip.dll
0x00007ffc11c80000 - 0x00007ffc130b6000 	C:\WINDOWS\System32\SHELL32.dll
0x00007ffc11920000 - 0x00007ffc119c6000 	C:\WINDOWS\System32\shcore.dll
0x00007ffc0fe70000 - 0x00007ffc105b7000 	C:\WINDOWS\System32\windows.storage.dll
0x00007ffc10ac0000 - 0x00007ffc10b11000 	C:\WINDOWS\System32\shlwapi.dll
0x00007ffc0f4b0000 - 0x00007ffc0f4c1000 	C:\WINDOWS\System32\kernel.appcore.dll
0x00007ffc0f460000 - 0x00007ffc0f4ac000 	C:\WINDOWS\System32\powrprof.dll
0x00007ffc0f440000 - 0x00007ffc0f45b000 	C:\WINDOWS\System32\profapi.dll
0x0000000067070000 - 0x000000006707d000 	C:\Program Files\Java\jre1.8.0_131\bin\management.dll
0x0000000067d10000 - 0x0000000067d2a000 	C:\Program Files\Java\jre1.8.0_131\bin\net.dll
0x00007ffc0ecd0000 - 0x00007ffc0ed36000 	C:\WINDOWS\system32\mswsock.dll
0x0000000067cf0000 - 0x0000000067d01000 	C:\Program Files\Java\jre1.8.0_131\bin\nio.dll
0x00007ffc0c0d0000 - 0x00007ffc0c0e8000 	C:\WINDOWS\system32\NLAapi.dll
0x00007ffc09870000 - 0x00007ffc09886000 	C:\WINDOWS\system32\napinsp.dll
0x00007ffc09850000 - 0x00007ffc0986a000 	C:\WINDOWS\system32\pnrpnsp.dll
0x0000000067db0000 - 0x0000000067dd6000 	C:\Program Files\Bonjour\mdnsNSP.dll
0x00007ffc0ea60000 - 0x00007ffc0ea99000 	C:\WINDOWS\SYSTEM32\Iphlpapi.DLL
0x00007ffc0eab0000 - 0x00007ffc0eb66000 	C:\WINDOWS\SYSTEM32\DNSAPI.dll
0x00007ffc11910000 - 0x00007ffc11918000 	C:\WINDOWS\System32\NSI.dll
0x00007ffc09840000 - 0x00007ffc0984e000 	C:\WINDOWS\System32\winrnr.dll
0x00007ffc041b0000 - 0x00007ffc041ba000 	C:\Windows\System32\rasadhlp.dll
0x00007ffc041f0000 - 0x00007ffc04260000 	C:\WINDOWS\System32\fwpuclnt.dll
0x00007ffc0efa0000 - 0x00007ffc0efc5000 	C:\WINDOWS\SYSTEM32\bcrypt.dll
0x00007ffc0ee90000 - 0x00007ffc0eea7000 	C:\WINDOWS\SYSTEM32\CRYPTSP.dll
0x00007ffc0e8e0000 - 0x00007ffc0e913000 	C:\WINDOWS\system32\rsaenh.dll
0x00007ffc0f370000 - 0x00007ffc0f399000 	C:\WINDOWS\SYSTEM32\USERENV.dll
0x00007ffc0eeb0000 - 0x00007ffc0eebb000 	C:\WINDOWS\SYSTEM32\CRYPTBASE.dll
0x00007ffc05980000 - 0x00007ffc05996000 	C:\WINDOWS\SYSTEM32\dhcpcsvc6.DLL
0x00007ffc084d0000 - 0x00007ffc084ea000 	C:\WINDOWS\SYSTEM32\dhcpcsvc.DLL
0x00007ffc00fa0000 - 0x00007ffc01168000 	C:\WINDOWS\SYSTEM32\dbghelp.dll

VM Arguments:
jvm_args: -Dcom.sun.management.jmxremote -Dcom.sun.management.jmxremote.port=57874 -Dcom.sun.management.jmxremote.authenticate=false -Dcom.sun.management.jmxremote.ssl=false -Dspring.liveBeansView.mbeanDomain -Dspring.application.admin.enabled=true -Dfile.encoding=UTF-8 
java_command: com.udemy.microservices.NetflixZuulApiGatewayServerApplication --spring.output.ansi.enabled=always
java_class_path (initial): C:\sts-udemy\netflix-zuul-api-gateway-server\target\classes;C:\Users\wade\.m2\repository\org\springframework\boot\spring-boot-starter-actuator\2.0.0.M3\spring-boot-starter-actuator-2.0.0.M3.jar;C:\Users\wade\.m2\repository\org\springframework\boot\spring-boot-starter\2.0.0.M3\spring-boot-starter-2.0.0.M3.jar;C:\Users\wade\.m2\repository\org\springframework\boot\spring-boot-starter-logging\2.0.0.M3\spring-boot-starter-logging-2.0.0.M3.jar;C:\Users\wade\.m2\repository\ch\qos\logback\logback-classic\1.2.3\logback-classic-1.2.3.jar;C:\Users\wade\.m2\repository\ch\qos\logback\logback-core\1.2.3\logback-core-1.2.3.jar;C:\Users\wade\.m2\repository\org\slf4j\jul-to-slf4j\1.7.25\jul-to-slf4j-1.7.25.jar;C:\Users\wade\.m2\repository\org\slf4j\log4j-over-slf4j\1.7.25\log4j-over-slf4j-1.7.25.jar;C:\Users\wade\.m2\repository\org\yaml\snakeyaml\1.18\snakeyaml-1.18.jar;C:\Users\wade\.m2\repository\org\springframework\boot\spring-boot-actuator\2.0.0.M3\spring-boot-actuator-2.0.0.M3.jar;C:\Users\wade\.m2\repository\com\fasterxml\jackson\core\jackson-databind\2.9.0.pr4\jackson-databind-2.9.0.pr4.jar;C:\Users\wade\.m2\repository\com\fasterxml\jackson\core\jackson-annotations\2.9.0.pr4\jackson-annotations-2.9.0.pr4.jar;C:\Users\wade\.m2\repository\com\fasterxml\jackson\core\jackson-core\2.9.0.pr4\jackson-core-2.9.0.pr4.jar;C:\Users\wade\.m2\repository\org\springframework\spring-context\5.0.0.RC3\spring-context-5.0.0.RC3.jar;C:\Users\wade\.m2\repository\org\springframework\spring-expression\5.0.0.RC3\spring-expression-5.0.0.RC3.jar;C:\Users\wade\.m2\repository\org\springframework\cloud\spring-cloud-starter-eureka\2.0.0.M2\spring-cloud-starter-eureka-2.0.0.M2.jar;C:\Users\wade\.m2\repository\org\springframework\cloud\spring-cloud-starter-netflix-eureka-client\2.0.0.M2\spring-cloud-starter-netflix-eureka-client-2.0.0.M2.jar;C:\Users\wade\.m2\repository\org\springframework\boot\spring-boot-starter-web\2.0.0.M3\spring-boot-starter-web-2.0.0.M3.jar;C:\Users\wade\.
Launcher Type: SUN_STANDARD

Environment Variables:
JAVA_HOME=C:\Program Files\Java\jdk1.8.0_121
CLASSPATH=.C:\Program Files\Java\jdk1.8.0_121\bin
PATH=C:/Program Files/Java/jre1.8.0_131/bin/server;C:/Program Files/Java/jre1.8.0_131/bin;C:/Program Files/Java/jre1.8.0_131/lib/amd64;C:\Program Files\Docker\Docker\Resources\bin;C:\ProgramData\Oracle\Java\javapath;C:\WINDOWS\system32;C:\WINDOWS;C:\WINDOWS\System32\Wbem;C:\WINDOWS\System32\WindowsPowerShell\v1.0\;C:\Program Files (x86)\ATI Technologies\ATI.ACE\Core-Static;C:\Program Files (x86)\Common Files\Ulead Systems\MPEG;C:\Program Files (x86)\QuickTime\QTSystem\;C:\Program Files (x86)\Microsoft SQL Server\110\Tools\Binn\;C:\Program Files\Microsoft SQL Server\110\Tools\Binn\;C:\Program Files\Microsoft SQL Server\110\DTS\Binn\;C:\Program Files (x86)\Microsoft SQL Server\110\Tools\Binn\ManagementStudio\;C:\Program Files (x86)\Microsoft SQL Server\110\DTS\Binn\;C:\maven\apache-maven-3.0.5\bin;C:\Program Files\nodejs\;C:\curl-7.55.1-win64-mingw\bin;C:\Program Files\Git\cmd;C:\Users\wade\AppData\Local\Programs\Python\Python36\Scripts\;C:\Users\wade\AppData\Local\Programs\Python\Python36\;C:\Users\wade\AppData\Local\Microsoft\WindowsApps;C:\Users\wade\AppData\Roaming\npm;;C:\sts-bundle\sts-3.8.0.RELEASE;
USERNAME=wade
OS=Windows_NT
PROCESSOR_IDENTIFIER=AMD64 Family 16 Model 6 Stepping 2, AuthenticAMD



---------------  S Y S T E M  ---------------

OS: Windows 10.0 , 64 bit Build 16299 (10.0.16299.15)

CPU:total 2 (initial active 2) (2 cores per cpu, 1 threads per core) family 16 model 6 stepping 2, cmov, cx8, fxsr, mmx, sse, sse2, sse3, popcnt, mmxext, 3dnowpref, lzcnt, sse4a, tsc, tscinvbit, tscinv

Memory: 4k page, physical 8122564k(1718832k free), swap 16249028k(5243016k free)

vm_info: Java HotSpot(TM) 64-Bit Server VM (25.131-b11) for windows-amd64 JRE (1.8.0_131-b11), built on Mar 15 2017 01:23:53 by "java_re" with MS VC++ 10.0 (VS2010)

time: Wed Jan 31 14:05:06 2018
elapsed time: 27 seconds (0d 0h 0m 27s)

